<?xml version="1.0" encoding="UTF-8"?>
<testsuite xmlns:xsi="http://www.w3.org/2001/XMLSchema-instance" xsi:schemaLocation="https://maven.apache.org/surefire/maven-surefire-plugin/xsd/surefire-test-report.xsd" name="UnitTest.ModelTest" time="0.11" tests="27" errors="0" skipped="0" failures="0">
  <properties>
[...]
</properties>
  <testcase name="testFormatAvg{double}[1]" classname="UnitTest.ModelTest" time="0.041"/>
  <testcase name="testGetGrade{int}[1]" classname="UnitTest.ModelTest" time="0.001"/>
  <testcase name="testGetGrade{int}[2]" classname="UnitTest.ModelTest" time="0.001"/>
  <testcase name="testGetGrade{int}[3]" classname="UnitTest.ModelTest" time="0"/>
  <testcase name="testGetGrade{int}[4]" classname="UnitTest.ModelTest" time="0.001"/>
  <testcase name="testGetGrade{int}[5]" classname="UnitTest.ModelTest" time="0"/>
  <testcase name="testGetGrade{int}[6]" classname="UnitTest.ModelTest" time="0"/>
  <testcase name="testGetGrade{int}[7]" classname="UnitTest.ModelTest" time="0"/>
  <testcase name="testGetGrade{int}[8]" classname="UnitTest.ModelTest" time="0"/>
  <testcase name="testGetGrade{int}[9]" classname="UnitTest.ModelTest" time="0.001"/>
  <testcase name="testAddGrade{int}[1]" classname="UnitTest.ModelTest" time="0.001"/>
  <testcase name="testAddGrade{int}[2]" classname="UnitTest.ModelTest" time="0"/>
  <testcase name="testAddGrade{int}[3]" classname="UnitTest.ModelTest" time="0"/>
  <testcase name="testAddGrade{int}[4]" classname="UnitTest.ModelTest" time="0"/>
  <testcase name="testAddGrade{int}[5]" classname="UnitTest.ModelTest" time="0"/>
  <testcase name="testAddGrade{int}[6]" classname="UnitTest.ModelTest" time="0.001"/>
  <testcase name="testAddGrade{int}[7]" classname="UnitTest.ModelTest" time="0"/>
  <testcase name="testAddGrade{int}[8]" classname="UnitTest.ModelTest" time="0"/>
  <testcase name="testAddGrade{int}[9]" classname="UnitTest.ModelTest" time="0"/>
  <testcase name="testAddGrade{int}[10]" classname="UnitTest.ModelTest" time="0"/>
  <testcase name="testSetSubjectName{String}[1]" classname="UnitTest.ModelTest" time="0.001"/>
  <testcase name="testSetSubjectName{String}[2]" classname="UnitTest.ModelTest" time="0"/>
  <testcase name="testSetSubjectName{String}[3]" classname="UnitTest.ModelTest" time="0.001"/>
  <testcase name="testSetSubjectName{String}[4]" classname="UnitTest.ModelTest" time="0.001"/>
  <testcase name="testSetSubjectName{String}[5]" classname="UnitTest.ModelTest" time="0"/>
  <testcase name="testSetSubjectName{String}[6]" classname="UnitTest.ModelTest" time="0.001"/>
  <testcase name="testCalculateAvg" classname="UnitTest.ModelTest" time="0.002"/>
</testsuite>